## 更新记录

> `README.md` 只保留项目接手信息和精简更新摘要；本文件记录详细更新；彩蛋规则单独维护在 `docs/EASTER_EGGS.md`。更新按时间倒序排列。

### 2026-07-10 · 文档交接 / 彩蛋手册 / 滚动条美化

1. **全局滚动条美化**：在 `styles/main.css` 中为 Firefox、Chrome、Edge 和 Safari 增加细窄的蓝灰半透明滚动条；轨道保持低存在感，滑块使用圆角渐变、轻微内描边和悬停提亮，与天空和玻璃卡片风格统一。
2. **README 接手化精简**：保留环境要求、启动与换端口方法、功能入口、文章命令、构建数据流、模块职责、修改入口和最小验收流程；明确 `js/posts.data.js` 是自动生成文件，不应手动修改。
3. **彩蛋维护手册**：新增 `docs/EASTER_EGGS.md`，按 `js/secrets.js` 的真实实现记录 14 个可收集彩蛋的触发条件、效果、时长、发现记录、星尘奖励和控制台调试 API。
4. **自动环境场景透明化**：手册同时记录远山灯火、银河、黄昏归鸟、季节微景象、静置呼吸、阅读尾声、背景回应、鼠标视差和雷电震动等非收集效果。
5. **文档维护规范**：后续每次更新在 `README.md` 写精简摘要，在 `log.log` 写详细内容；彩蛋变化必须同步修改 `docs/EASTER_EGGS.md`。
6. **验证结果**：`npm run build`、全部 `js/*.js` 与 `scripts/*.mjs` 语法检查、`git diff --check` 和 `npm start` 均通过；测试服务已用 `Ctrl+C` 关闭，端口 `3456` 已释放。

### 2026-07-10 · 本地启动与端口占用修复

1. **清理残留服务**：关闭开发验收时遗留的 Python 静态服务器，释放 `127.0.0.1:3456`。
2. **友好启动脚本**：`npm start` 改用 `scripts/start-server.mjs`，启动前主动检查端口；占用时显示 PID、关闭命令和切换端口示例，不再输出 Python traceback。
3. **替代端口**：可使用 `PORT=8080 npm start` 在其他端口运行；`Ctrl + C` 会同时关闭 Node 启动器和 Python 子服务。

### 2026-07-10 · 隐藏场景 / 环境彩蛋 / 微交互

1. **环境型彩蛋系统**：新增独立 `js/secrets.js` 与 `styles/secrets.css`，隐藏场景会回应昼夜、天气、背景选择和阅读进度，不使用打断阅读的弹窗。
2. **可发现的天空与山谷**：加入极光、流星、彩虹、星座、星鲸、萤火、远山灯火、日月光环、雪山访客、山谷回声和季节微景象；具体触发方式不在用户说明中剧透。
3. **发现记录与终极奖励**：浏览器本地保存彩蛋发现进度；全部发现后解锁可开关的低密度星尘模式。
4. **丝滑与性能**：重量级场景互斥，低性能设备自动减少临时粒子，页面切到后台会暂停装饰动画；文章卡片增加低幅度指针柔光与景深倾斜。

### 2026-07-10 · 天空 / 雪山双背景

1. **新增背景选择器**：右上角加入「背景」菜单，可在纯天空版与动态雪山版之间随时切换。
2. **保留两套体验**：天空模式隐藏雪山、飞鸟和山雾，恢复添加山景前的纯天空视觉；雪山模式保留当前山景及天气联动效果。
3. **自动记忆选择**：背景偏好保存到浏览器 `localStorage`，刷新或下次打开时自动恢复；天空模式下不会触发大风离山镜头动画。

### 2026-07-10 · 大风离山镜头转场

1. **天气预览顺序调整**：改为 `晴 → 阴 → 小雨 → 中雨 → 大雨 → 雷电 → 小雪 → 中雪 → 大雪 → 大风`。
2. **大雪转大风**：手动从大雪切到大风时，镜头顺风离开雪山，山景向左加速退出；大风期间只保留原有天空与风动画。
3. **大风回晴**：继续切回晴天时风立即停下，雪山从离开的方向平滑回到视野，并带轻微缓冲归位，正文与顶栏保持稳定。
4. **性能与残影修复**：取消整屏 SVG 的渐变遮罩和远距离移动，改为短距离偏移、快速淡出与独立风幕扫过；大风粒子错开 180ms 启动，减少切换首帧的渲染压力。

### 2026-07-10 · 动态雪山景观 / 清凉阴天

1. **原创雪山背景**：新增 SVG 主峰、副峰、自然雪线、柔和岩面、远近山脊与淡薄山腰雾；保持轮廓干净、层次清晰，不使用临时截图或第三方壁纸。
2. **动态景观联动**：三组错速飞鸟缓慢穿过天空，山体、积雪和远山色调随昼夜及雨雪天气变化；开启“减少动态效果”时自动隐藏飞鸟。
3. **舒适清凉阴天**：保持晴天效果不变；阴天完全隐藏太阳，使用明亮浅蓝灰高云和轻柔风线，视野依旧通透，呈现凉爽、适合散步的氛围。

### 2026-07-09 · 雪天分层 / 时间轮盘 / 首页文案

1. **雪天拆为小雪 / 中雪 / 大雪**（`snow-light` / `snow-medium` / `snow-heavy`）
   - 粒子形态：`dust` 远景柔点、`fluff` 不规则多瓣絮团、`near` 近处软边晶枝（非 clip-art 六角星）。
   - 尺寸幂分布（多数极小 fleck）、双正弦飘摆 + 共享阵风场；去掉硬圆盘与描边假雪花。
   - 氛围罩层与密度按强度拉开；WMO 降雪码映射到三档。
2. **时间轮盘**：右上角天气徽章**左侧**「时间」按钮；玻璃态 24h 轮盘，拖动指针 / 点「子夜·黎明·正午·黄昏」；「回到实时」恢复本地时钟。`js/time-dial.js` + `time-sky.js` hour override。
3. **首页副文案**改为诗意感受向（`js/router.js` 的 `hero-desc`），不再写操作说明。
